<?xml version="1.0" encoding="UTF-8"?>
<testsuite xmlns:xsi="http://www.w3.org/2001/XMLSchema-instance" xsi:noNamespaceSchemaLocation="https://maven.apache.org/surefire/maven-surefire-plugin/xsd/surefire-test-report.xsd" name="de.framersoft.maven.destem.restemstats.AppTest" time="0.045" tests="1" errors="0" skipped="0" failures="0">
  <properties>
    <property name="sun.desktop" value="gnome"/>
    <property name="awt.toolkit" value="sun.awt.X11.XToolkit"/>
    <property name="java.specification.version" value="9"/>
    <property name="file.encoding.pkg" value="sun.io"/>
    <property name="sun.cpu.isalist" value=""/>
    <property name="sun.jnu.encoding" value="UTF-8"/>
    <property name="java.class.path" value="/home/tshess/eclipse-workspace/destem.restemstats/target/test-classes:/home/tshess/eclipse-workspace/destem.restemstats/target/classes:/home/tshess/.m2/repository/junit/junit/4.11/junit-4.11.jar:/home/tshess/.m2/repository/org/hamcrest/hamcrest-core/1.3/hamcrest-core-1.3.jar:/home/tshess/.m2/repository/com/github/muksihs/steem-java-api-wrapper/steemj-core/5b30f72/steemj-core-5b30f72.jar:/home/tshess/.m2/repository/org/glassfish/tyrus/bundles/tyrus-standalone-client/1.13.1/tyrus-standalone-client-1.13.1.jar:/home/tshess/.m2/repository/com/google/http-client/google-http-client/1.23.0/google-http-client-1.23.0.jar:/home/tshess/.m2/repository/com/google/code/findbugs/jsr305/1.3.9/jsr305-1.3.9.jar:/home/tshess/.m2/repository/org/apache/httpcomponents/httpclient/4.0.1/httpclient-4.0.1.jar:/home/tshess/.m2/repository/org/apache/httpcomponents/httpcore/4.0.1/httpcore-4.0.1.jar:/home/tshess/.m2/repository/commons-logging/commons-logging/1.1.1/commons-logging-1.1.1.jar:/home/tshess/.m2/repository/commons-codec/commons-codec/1.3/commons-codec-1.3.jar:/home/tshess/.m2/repository/org/slf4j/slf4j-api/1.7.25/slf4j-api-1.7.25.jar:/home/tshess/.m2/repository/com/fasterxml/jackson/core/jackson-databind/2.9.2/jackson-databind-2.9.2.jar:/home/tshess/.m2/repository/com/fasterxml/jackson/core/jackson-annotations/2.9.0/jackson-annotations-2.9.0.jar:/home/tshess/.m2/repository/com/fasterxml/jackson/core/jackson-core/2.9.2/jackson-core-2.9.2.jar:/home/tshess/.m2/repository/org/apache/commons/commons-lang3/3.7/commons-lang3-3.7.jar:/home/tshess/.m2/repository/commons-io/commons-io/2.6/commons-io-2.6.jar:/home/tshess/.m2/repository/eu/bittrade/libs/crypto-core/0.1.0pre1/crypto-core-0.1.0pre1.jar:/home/tshess/.m2/repository/com/google/protobuf/protobuf-java/3.5.0/protobuf-java-3.5.0.jar:/home/tshess/.m2/repository/com/google/guava/guava/23.5-android/guava-23.5-android.jar:/home/tshess/.m2/repository/org/checkerframework/checker-qual/2.0.0/checker-qual-2.0.0.jar:/home/tshess/.m2/repository/com/google/errorprone/error_prone_annotations/2.0.18/error_prone_annotations-2.0.18.jar:/home/tshess/.m2/repository/com/google/j2objc/j2objc-annotations/1.1/j2objc-annotations-1.1.jar:/home/tshess/.m2/repository/org/codehaus/mojo/animal-sniffer-annotations/1.14/animal-sniffer-annotations-1.14.jar:/home/tshess/.m2/repository/com/madgag/spongycastle/core/1.58.0.0/core-1.58.0.0.jar:/home/tshess/.m2/repository/org/jooq/joou/0.9.1/joou-0.9.1.jar:/home/tshess/.m2/repository/org/jdatepicker/jdatepicker/1.3.4/jdatepicker-1.3.4.jar:"/>
    <property name="java.vm.vendor" value="Oracle Corporation"/>
    <property name="sun.arch.data.model" value="64"/>
    <property name="java.vendor.url" value="http://java.oracle.com/"/>
    <property name="user.timezone" value=""/>
    <property name="java.vm.specification.version" value="9"/>
    <property name="os.name" value="Linux"/>
    <property name="sun.java.launcher" value="SUN_STANDARD"/>
    <property name="user.country" value="DE"/>
    <property name="sun.boot.library.path" value="/usr/lib/jvm/java-9-openjdk-amd64/lib"/>
    <property name="sun.java.command" value="/home/tshess/eclipse-workspace/destem.restemstats/target/surefire/surefirebooter18257178011967787351.jar /home/tshess/eclipse-workspace/destem.restemstats/target/surefire 2018-04-18T23-00-06_001-jvmRun1 surefire8932850305501664961tmp surefire_04396621467127673186tmp"/>
    <property name="jdk.debug" value="release"/>
    <property name="surefire.test.class.path" value="/home/tshess/eclipse-workspace/destem.restemstats/target/test-classes:/home/tshess/eclipse-workspace/destem.restemstats/target/classes:/home/tshess/.m2/repository/junit/junit/4.11/junit-4.11.jar:/home/tshess/.m2/repository/org/hamcrest/hamcrest-core/1.3/hamcrest-core-1.3.jar:/home/tshess/.m2/repository/com/github/muksihs/steem-java-api-wrapper/steemj-core/5b30f72/steemj-core-5b30f72.jar:/home/tshess/.m2/repository/org/glassfish/tyrus/bundles/tyrus-standalone-client/1.13.1/tyrus-standalone-client-1.13.1.jar:/home/tshess/.m2/repository/com/google/http-client/google-http-client/1.23.0/google-http-client-1.23.0.jar:/home/tshess/.m2/repository/com/google/code/findbugs/jsr305/1.3.9/jsr305-1.3.9.jar:/home/tshess/.m2/repository/org/apache/httpcomponents/httpclient/4.0.1/httpclient-4.0.1.jar:/home/tshess/.m2/repository/org/apache/httpcomponents/httpcore/4.0.1/httpcore-4.0.1.jar:/home/tshess/.m2/repository/commons-logging/commons-logging/1.1.1/commons-logging-1.1.1.jar:/home/tshess/.m2/repository/commons-codec/commons-codec/1.3/commons-codec-1.3.jar:/home/tshess/.m2/repository/org/slf4j/slf4j-api/1.7.25/slf4j-api-1.7.25.jar:/home/tshess/.m2/repository/com/fasterxml/jackson/core/jackson-databind/2.9.2/jackson-databind-2.9.2.jar:/home/tshess/.m2/repository/com/fasterxml/jackson/core/jackson-annotations/2.9.0/jackson-annotations-2.9.0.jar:/home/tshess/.m2/repository/com/fasterxml/jackson/core/jackson-core/2.9.2/jackson-core-2.9.2.jar:/home/tshess/.m2/repository/org/apache/commons/commons-lang3/3.7/commons-lang3-3.7.jar:/home/tshess/.m2/repository/commons-io/commons-io/2.6/commons-io-2.6.jar:/home/tshess/.m2/repository/eu/bittrade/libs/crypto-core/0.1.0pre1/crypto-core-0.1.0pre1.jar:/home/tshess/.m2/repository/com/google/protobuf/protobuf-java/3.5.0/protobuf-java-3.5.0.jar:/home/tshess/.m2/repository/com/google/guava/guava/23.5-android/guava-23.5-android.jar:/home/tshess/.m2/repository/org/checkerframework/checker-qual/2.0.0/checker-qual-2.0.0.jar:/home/tshess/.m2/repository/com/google/errorprone/error_prone_annotations/2.0.18/error_prone_annotations-2.0.18.jar:/home/tshess/.m2/repository/com/google/j2objc/j2objc-annotations/1.1/j2objc-annotations-1.1.jar:/home/tshess/.m2/repository/org/codehaus/mojo/animal-sniffer-annotations/1.14/animal-sniffer-annotations-1.14.jar:/home/tshess/.m2/repository/com/madgag/spongycastle/core/1.58.0.0/core-1.58.0.0.jar:/home/tshess/.m2/repository/org/jooq/joou/0.9.1/joou-0.9.1.jar:/home/tshess/.m2/repository/org/jdatepicker/jdatepicker/1.3.4/jdatepicker-1.3.4.jar:"/>
    <property name="sun.cpu.endian" value="little"/>
    <property name="user.home" value="/home/tshess"/>
    <property name="user.language" value="de"/>
    <property name="java.specification.vendor" value="Oracle Corporation"/>
    <property name="java.home" value="/usr/lib/jvm/java-9-openjdk-amd64"/>
    <property name="file.separator" value="/"/>
    <property name="basedir" value="/home/tshess/eclipse-workspace/destem.restemstats"/>
    <property name="java.vm.compressedOopsMode" value="32-bit"/>
    <property name="line.separator" value="&#10;"/>
    <property name="java.vm.specification.vendor" value="Oracle Corporation"/>
    <property name="java.specification.name" value="Java Platform API Specification"/>
    <property name="java.awt.graphicsenv" value="sun.awt.X11GraphicsEnvironment"/>
    <property name="surefire.real.class.path" value="/home/tshess/eclipse-workspace/destem.restemstats/target/surefire/surefirebooter18257178011967787351.jar"/>
    <property name="sun.management.compiler" value="HotSpot 64-Bit Tiered Compilers"/>
    <property name="java.runtime.version" value="9.0.4+12-Ubuntu-4ubuntu2"/>
    <property name="user.name" value="tshess"/>
    <property name="path.separator" value=":"/>
    <property name="os.version" value="4.15.0-15-generic"/>
    <property name="java.runtime.name" value="OpenJDK Runtime Environment"/>
    <property name="file.encoding" value="UTF-8"/>
    <property name="java.vm.name" value="OpenJDK 64-Bit Server VM"/>
    <property name="localRepository" value="/home/tshess/.m2/repository"/>
    <property name="java.vendor.url.bug" value="http://bugreport.java.com/bugreport/"/>
    <property name="java.io.tmpdir" value="/tmp"/>
    <property name="java.version" value="9.0.4"/>
    <property name="user.dir" value="/home/tshess/eclipse-workspace/destem.restemstats"/>
    <property name="os.arch" value="amd64"/>
    <property name="java.vm.specification.name" value="Java Virtual Machine Specification"/>
    <property name="java.awt.printerjob" value="sun.print.PSPrinterJob"/>
    <property name="sun.os.patch.level" value="unknown"/>
    <property name="java.library.path" value="/usr/java/packages/lib:/usr/lib/x86_64-linux-gnu/jni:/lib/x86_64-linux-gnu:/usr/lib/x86_64-linux-gnu:/usr/lib/jni:/lib:/usr/lib"/>
    <property name="java.vm.info" value="mixed mode"/>
    <property name="java.vendor" value="Oracle Corporation"/>
    <property name="java.vm.version" value="9.0.4+12-Ubuntu-4ubuntu2"/>
    <property name="sun.io.unicode.encoding" value="UnicodeLittle"/>
    <property name="java.class.version" value="53.0"/>
  </properties>
  <testcase name="shouldAnswerWithTrue" classname="de.framersoft.maven.destem.restemstats.AppTest" time="0.002"/>
</testsuite>